<?xml version="1.0" encoding="UTF-8"?>
<testng-results ignored="0" total="1" passed="1" failed="0" skipped="0">
  <reporter-output>
  </reporter-output>
  <suite started-at="2025-04-19T07:17:06 PDT" name="Suite" finished-at="2025-04-19T07:17:13 PDT" duration-ms="7451">
    <groups>
    </groups>
    <test started-at="2025-04-19T07:17:06 PDT" name="Test" finished-at="2025-04-19T07:17:13 PDT" duration-ms="7451">
      <class name="TestCaseWithoutFramework.LogInOpenCart">
        <test-method is-config="true" signature="setupapp()[pri:0, instance:TestCaseWithoutFramework.LogInOpenCart@4a83a74a]" started-at="2025-04-19T07:17:05 PDT" name="setupapp" finished-at="2025-04-19T07:17:06 PDT" duration-ms="608" status="PASS">
          <reporter-output>
          </reporter-output>
        </test-method> <!-- setupapp -->
        <test-method is-config="true" signature="startbrowser()[pri:0, instance:TestCaseWithoutFramework.LogInOpenCart@4a83a74a]" started-at="2025-04-19T07:17:06 PDT" name="startbrowser" finished-at="2025-04-19T07:17:11 PDT" duration-ms="4916" status="PASS">
          <reporter-output>
          </reporter-output>
        </test-method> <!-- startbrowser -->
        <test-method signature="logInApp()[pri:0, instance:TestCaseWithoutFramework.LogInOpenCart@4a83a74a]" started-at="2025-04-19T07:17:11 PDT" name="logInApp" finished-at="2025-04-19T07:17:13 PDT" duration-ms="1966" status="PASS">
          <reporter-output>
          </reporter-output>
        </test-method> <!-- logInApp -->
        <test-method is-config="true" signature="getshoot(org.testng.ITestResult)[pri:0, instance:TestCaseWithoutFramework.LogInOpenCart@4a83a74a]" started-at="2025-04-19T07:17:13 PDT" name="getshoot" finished-at="2025-04-19T07:17:13 PDT" duration-ms="471" status="FAIL">
          <params>
            <param index="0">
              <value>
                <![CDATA[[TestResult name=logInApp status=SUCCESS method=LogInOpenCart.logInApp()[pri:0, instance:TestCaseWithoutFramework.LogInOpenCart@4a83a74a] output={null}]]]>
              </value>
            </param>
          </params>
          <exception class="java.lang.IllegalArgumentException">
            <message>
              <![CDATA[ScreenCapture path must not be null or empty]]>
            </message>
            <full-stacktrace>
              <![CDATA[java.lang.IllegalArgumentException: ScreenCapture path must not be null or empty
at com.aventstack.extentreports.util.Assert.notEmpty(Assert.java:12)
at com.aventstack.extentreports.ExtentTest.addScreenCaptureFromPath(ExtentTest.java:1074)
at com.Openart.pages.BaseClass.getshoot(BaseClass.java:59)
at java.base/jdk.internal.reflect.NativeMethodAccessorImpl.invoke0(Native Method)
at java.base/jdk.internal.reflect.NativeMethodAccessorImpl.invoke(NativeMethodAccessorImpl.java:77)
at java.base/jdk.internal.reflect.DelegatingMethodAccessorImpl.invoke(DelegatingMethodAccessorImpl.java:43)
at java.base/java.lang.reflect.Method.invoke(Method.java:569)
at org.testng.internal.invokers.MethodInvocationHelper.invokeMethod(MethodInvocationHelper.java:141)
at org.testng.internal.invokers.MethodInvocationHelper.invokeMethodConsideringTimeout(MethodInvocationHelper.java:71)
at org.testng.internal.invokers.ConfigInvoker.invokeConfigurationMethod(ConfigInvoker.java:400)
at org.testng.internal.invokers.ConfigInvoker.invokeConfigurations(ConfigInvoker.java:333)
at org.testng.internal.invokers.TestInvoker.runConfigMethods(TestInvoker.java:836)
at org.testng.internal.invokers.TestInvoker.runAfterConfigurations(TestInvoker.java:805)
at org.testng.internal.invokers.TestInvoker.invokeMethod(TestInvoker.java:781)
at org.testng.internal.invokers.TestInvoker.invokeTestMethod(TestInvoker.java:230)
at org.testng.internal.invokers.MethodRunner.runInSequence(MethodRunner.java:63)
at org.testng.internal.invokers.TestInvoker$MethodInvocationAgent.invoke(TestInvoker.java:995)
at org.testng.internal.invokers.TestInvoker.invokeTestMethods(TestInvoker.java:203)
at org.testng.internal.invokers.TestMethodWorker.invokeTestMethods(TestMethodWorker.java:154)
at org.testng.internal.invokers.TestMethodWorker.run(TestMethodWorker.java:134)
at java.base/java.util.ArrayList.forEach(ArrayList.java:1511)
at org.testng.TestRunner.privateRun(TestRunner.java:741)
at org.testng.TestRunner.run(TestRunner.java:616)
at org.testng.SuiteRunner.runTest(SuiteRunner.java:421)
at org.testng.SuiteRunner.runSequentially(SuiteRunner.java:413)
at org.testng.SuiteRunner.privateRun(SuiteRunner.java:373)
at org.testng.SuiteRunner.run(SuiteRunner.java:312)
at org.testng.SuiteRunnerWorker.runSuite(SuiteRunnerWorker.java:52)
at org.testng.SuiteRunnerWorker.run(SuiteRunnerWorker.java:95)
at org.testng.TestNG.runSuitesSequentially(TestNG.java:1274)
at org.testng.TestNG.runSuitesLocally(TestNG.java:1208)
at org.testng.TestNG.runSuites(TestNG.java:1112)
at org.testng.TestNG.run(TestNG.java:1079)
at org.testng.remote.AbstractRemoteTestNG.run(AbstractRemoteTestNG.java:115)
at org.testng.remote.RemoteTestNG.initAndRun(RemoteTestNG.java:293)
at org.testng.remote.RemoteTestNG.main(RemoteTestNG.java:91)
]]>
            </full-stacktrace>
          </exception> <!-- java.lang.IllegalArgumentException -->
          <reporter-output>
          </reporter-output>
        </test-method> <!-- getshoot -->
        <test-method is-config="true" signature="teardown()[pri:0, instance:TestCaseWithoutFramework.LogInOpenCart@4a83a74a]" started-at="2025-04-19T07:17:13 PDT" name="teardown" finished-at="2025-04-19T07:17:13 PDT" duration-ms="0" status="SKIP">
          <reporter-output>
          </reporter-output>
        </test-method> <!-- teardown -->
      </class> <!-- TestCaseWithoutFramework.LogInOpenCart -->
    </test> <!-- Test -->
  </suite> <!-- Suite -->
</testng-results>
