<?xml version="1.0" encoding="UTF-8"?>
<!-- Generated by org.testng.reporters.JUnitXMLReporter -->
<testsuite ignored="0" hostname="DESKTOP-38F1DAJ" failures="0" tests="1" name="Test" time="7.451" errors="0" timestamp="2025-04-19T07:17:13 PDT">
  <testcase classname="com.Openart.pages.BaseClass" name="@AfterMethod getshoot" time="0.471">
    <failure type="java.lang.IllegalArgumentException" message="ScreenCapture path must not be null or empty">
      <![CDATA[java.lang.IllegalArgumentException: ScreenCapture path must not be null or empty
at com.aventstack.extentreports.util.Assert.notEmpty(Assert.java:12)
at com.aventstack.extentreports.ExtentTest.addScreenCaptureFromPath(ExtentTest.java:1074)
at com.Openart.pages.BaseClass.getshoot(BaseClass.java:59)
at java.base/java.util.ArrayList.forEach(ArrayList.java:1511)
... Removed 32 stack frames]]>
    </failure>
  </testcase> <!-- @AfterMethod getshoot -->
  <testcase classname="com.Openart.pages.BaseClass" name="@AfterClass teardown" time="0.0">
    <skipped/>
  </testcase> <!-- @AfterClass teardown -->
  <testcase classname="TestCaseWithoutFramework.LogInOpenCart" name="logInApp" time="1.966"/>
</testsuite> <!-- Test -->
